2017-12-13 13:21:51 INFO  BeerDOMParser - Beer DOM parser is start!
2017-12-13 13:21:51 INFO  BeerDOMParser - Beer DOM parser is finish!
2017-12-13 13:21:51 INFO  BeerDOMParser - Beer DOM parser is start!
2017-12-13 13:21:51 INFO  BeerDOMParser - Beer DOM parser is finish!
2017-12-13 13:22:47 INFO  BeerDOMParser - Beer DOM parser is start!
2017-12-13 13:22:47 INFO  BeerDOMParser - Beer DOM parser is finish!
2017-12-13 13:22:47 INFO  BeerDOMParser - Beer DOM parser is start!
2017-12-13 13:22:47 INFO  BeerDOMParser - Beer DOM parser is finish!
2017-12-13 13:25:23 INFO  BeerSAXParser - Beer SAX parser is start!
2017-12-13 13:25:23 INFO  BeerSAXParser - Beer SAX parser is finish!
2017-12-13 13:26:32 INFO  BeerDOMParser - Beer DOM parser is start!
2017-12-13 13:26:32 INFO  BeerDOMParser - Beer DOM parser is finish!
2017-12-13 13:26:32 INFO  BeerSAXParser - Beer SAX parser is start!
2017-12-13 13:26:32 INFO  BeerSAXParser - Beer SAX parser is finish!
2017-12-13 13:27:14 INFO  BeerDOMParser - Beer DOM parser is start!
2017-12-13 13:27:14 INFO  BeerDOMParser - Beer DOM parser is finish!
2017-12-13 13:27:14 INFO  BeerSAXParser - Beer SAX parser is start!
2017-12-13 13:27:14 INFO  BeerSAXParser - Beer SAX parser is finish!
2017-12-13 13:28:05 INFO  BeerDOMParser - Beer DOM parser is start!
2017-12-13 13:28:05 INFO  BeerDOMParser - Beer DOM parser is finish!
2017-12-13 13:28:05 INFO  BeerSAXParser - Beer SAX parser is start!
2017-12-13 13:28:05 INFO  BeerSAXParser - Beer SAX parser is finish!
2017-12-13 13:29:43 INFO  BeerDOMParser - Beer DOM parser is start!
2017-12-13 13:29:43 INFO  BeerDOMParser - Beer DOM parser is finish!
2017-12-13 13:29:43 INFO  BeerSAXParser - Beer SAX parser is start!
2017-12-13 13:29:43 INFO  BeerSAXParser - Beer SAX parser is finish!
2017-12-13 13:33:11 INFO  BeerDOMParser - Beer DOM parser is start!
2017-12-13 13:33:11 INFO  BeerDOMParser - Beer DOM parser is finish!
2017-12-13 13:33:11 INFO  BeerSAXParser - Beer SAX parser is start!
2017-12-13 13:33:11 INFO  BeerSAXParser - Beer SAX parser is finish!
2017-12-13 13:33:11 INFO  BeerStAXParser - Beer StAX parser is start!
2017-12-13 13:33:11 INFO  BeerStAXParser - Beer StAX parser is finish!
2017-12-13 13:35:30 INFO  BeerSAXParser - Beer SAX parser is start!
2017-12-13 13:35:30 INFO  BeerSAXParser - Beer SAX parser is finish!
2017-12-13 13:35:53 INFO  BeerSAXParser - Beer SAX parser is start!
2017-12-13 13:35:54 INFO  BeerSAXParser - Beer SAX parser is finish!
2017-12-13 13:36:04 INFO  BeerStAXParser - Beer StAX parser is start!
2017-12-13 13:36:04 INFO  BeerStAXParser - Beer StAX parser is finish!
2017-12-13 13:39:00 INFO  BeerDOMParser - Beer DOM parser is start!
2017-12-13 13:39:00 INFO  BeerDOMParser - Beer DOM parser is finish!
2017-12-13 13:39:00 INFO  BeerSAXParser - Beer SAX parser is start!
2017-12-13 13:39:00 INFO  BeerSAXParser - Beer SAX parser is finish!
2017-12-13 13:39:00 INFO  BeerStAXParser - Beer StAX parser is start!
2017-12-13 13:39:00 INFO  BeerStAXParser - Beer StAX parser is finish!
